<?xml version="1.0" encoding="UTF-8"?>
<testsuite name="MainTest" tests="1" skipped="0" failures="0" errors="0" timestamp="2020-11-25T01:24:00" hostname="aguspc" time="0.004">
  <properties/>
  <testcase name="test_main_case" classname="MainTest" time="0.004"/>
  <system-out><![CDATA[Directory not found
]]></system-out>
  <system-err><![CDATA[]]></system-err>
</testsuite>
